nohup: ignoring input
This program should be regarded as a DEBUGGING aid, not as a 
certifier of correctness.
Call with the -l flag or read the license file for terms
and conditions of use.
Run this program with "-h" for the list of options.

Bugs, questions, and comments should be directed to
"melatti@di.uniroma1.it".

CMurphi compiler last modified date: Jan 18 2021
Include files last modified date:    Nov 8 2016
==========================================================================

==========================================================================
Caching Murphi Release 5.4.9.1
Finite-state Concurrent System Verifier.

Caching Murphi Release 5.4.9.1 is based on various versions of Murphi.
Caching Murphi Release 5.4.9.1 :
Copyright (C) 2009-2012 by Sapienza University of Rome.
Murphi release 3.1 :
Copyright (C) 1992 - 1999 by the Board of Trustees of
Leland Stanford Junior University.

==========================================================================

Protocol: flash_ctc/flash_ctc/flash.ctc_Updated

Algorithm:
	Verification by breadth first search.
	with symmetry algorithm 3 -- Heuristic Small Memory Normalization
	with permutation trial limit 10.

Memory usage:

	* The size of each state is 520 bits (rounded up to 72 bytes).
	* The memory allocated for the hash table and state queue is
	  524288 Mbytes.
	  With two words of overhead per state, the maximum size of
	  the state space is 6488712883 states.
	   * Use option "-k" or "-m" to increase this, if necessary.
	* Capacity in queue for breadth-first search: 648871288 states.
	   * Change the constant gPercentActiveStates in mu_prolog.inc
	     to increase this, if necessary.

Warning: No trace will not be printed in the case of protocol errors!
         Check the options if you want to have error traces.
Invariant "MemDataProp" failed.

Progress Report:

	1000 states explored in 457.67s, with 3957 rules fired and 380 states in the queue.
	2000 states explored in 457.73s, with 9525 rules fired and 421 states in the queue.

==========================================================================

Status:

	No error found.

State Space Explored:

	2670 states, 15334 rules fired in 457.80s.

Rules Information:

	Fired 0 times	- Rule "ABS_NI_ShWb"
	Fired 50 times	- Rule "ABS_NI_InvAck"
	Fired 0 times	- Rule "ABS_NI_Remote_GetX_PutX_src_dst"
	Fired 0 times	- Rule "ABS_NI_Remote_GetX_PutX_dst, src:NODE_1"
	Fired 0 times	- Rule "ABS_NI_Remote_GetX_PutX_dst, src:NODE_2"
	Fired 0 times	- Rule "ABS_NI_Remote_GetX_PutX_src, dst:NODE_1"
	Fired 0 times	- Rule "ABS_NI_Remote_GetX_PutX_src, dst:NODE_2"
	Fired 0 times	- Rule "ABS_NI_Remote_GetX_Nak_src_dst"
	Fired 0 times	- Rule "ABS_NI_Remote_GetX_Nak_dst, src:NODE_1"
	Fired 0 times	- Rule "ABS_NI_Remote_GetX_Nak_dst, src:NODE_2"
	Fired 0 times	- Rule "ABS_NI_Remote_GetX_Nak_src, dst:NODE_1"
	Fired 0 times	- Rule "ABS_NI_Remote_GetX_Nak_src, dst:NODE_2"
	Fired 1626 times	- Rule "ABS_NI_Local_GetX_PutX"
	Fired 120 times	- Rule "ABS_NI_Local_GetX_GetX"
	Fired 0 times	- Rule "ABS_NI_Remote_Get_Put_src_dst"
	Fired 0 times	- Rule "ABS_NI_Remote_Get_Put_dst, src:NODE_1"
	Fired 0 times	- Rule "ABS_NI_Remote_Get_Put_dst, src:NODE_2"
	Fired 0 times	- Rule "ABS_NI_Remote_Get_Put_src, dst:NODE_1"
	Fired 0 times	- Rule "ABS_NI_Remote_Get_Put_src, dst:NODE_2"
	Fired 0 times	- Rule "ABS_NI_Remote_Get_Nak_src_dst"
	Fired 0 times	- Rule "ABS_NI_Remote_Get_Nak_dst, src:NODE_1"
	Fired 0 times	- Rule "ABS_NI_Remote_Get_Nak_dst, src:NODE_2"
	Fired 0 times	- Rule "ABS_NI_Remote_Get_Nak_src, dst:NODE_1"
	Fired 0 times	- Rule "ABS_NI_Remote_Get_Nak_src, dst:NODE_2"
	Fired 1626 times	- Rule "ABS_NI_Local_Get_Put"
	Fired 120 times	- Rule "ABS_NI_Local_Get_Get"
	Fired 480 times	- Rule "ABS_PI_Remote_PutX"
	Fired 480 times	- Rule "ABS_Store, data:DATA_1"
	Fired 480 times	- Rule "ABS_Store, data:DATA_2"
	Fired 2670 times	- Rule "ABS_Other"
	Fired 0 times	- Rule "NI_Replace, src:NODE_1"
	Fired 0 times	- Rule "NI_Replace, src:NODE_2"
	Fired 0 times	- Rule "NI_ShWb"
	Fired 0 times	- Rule "NI_FAck"
	Fired 1020 times	- Rule "NI_Wb"
	Fired 0 times	- Rule "NI_InvAck, src:NODE_1"
	Fired 0 times	- Rule "NI_InvAck, src:NODE_2"
	Fired 0 times	- Rule "NI_Inv, dst:NODE_1"
	Fired 0 times	- Rule "NI_Inv, dst:NODE_2"
	Fired 0 times	- Rule "NI_Remote_PutX, dst:NODE_1"
	Fired 0 times	- Rule "NI_Remote_PutX, dst:NODE_2"
	Fired 0 times	- Rule "NI_Local_PutXAcksDone"
	Fired 0 times	- Rule "NI_Remote_Put, dst:NODE_1"
	Fired 0 times	- Rule "NI_Remote_Put, dst:NODE_2"
	Fired 0 times	- Rule "NI_Local_Put"
	Fired 0 times	- Rule "NI_Remote_GetX_PutX, dst:NODE_1, src:NODE_1"
	Fired 0 times	- Rule "NI_Remote_GetX_PutX, dst:NODE_2, src:NODE_1"
	Fired 0 times	- Rule "NI_Remote_GetX_PutX, dst:NODE_1, src:NODE_2"
	Fired 0 times	- Rule "NI_Remote_GetX_PutX, dst:NODE_2, src:NODE_2"
	Fired 0 times	- Rule "NI_Remote_GetX_Nak, dst:NODE_1, src:NODE_1"
	Fired 0 times	- Rule "NI_Remote_GetX_Nak, dst:NODE_2, src:NODE_1"
	Fired 0 times	- Rule "NI_Remote_GetX_Nak, dst:NODE_1, src:NODE_2"
	Fired 0 times	- Rule "NI_Remote_GetX_Nak, dst:NODE_2, src:NODE_2"
	Fired 0 times	- Rule "NI_Local_GetX_PutX, src:NODE_1"
	Fired 0 times	- Rule "NI_Local_GetX_PutX, src:NODE_2"
	Fired 0 times	- Rule "NI_Local_GetX_GetX, src:NODE_1"
	Fired 0 times	- Rule "NI_Local_GetX_GetX, src:NODE_2"
	Fired 0 times	- Rule "NI_Local_GetX_Nak, src:NODE_1"
	Fired 0 times	- Rule "NI_Local_GetX_Nak, src:NODE_2"
	Fired 0 times	- Rule "NI_Remote_Get_Put, dst:NODE_1, src:NODE_1"
	Fired 0 times	- Rule "NI_Remote_Get_Put, dst:NODE_2, src:NODE_1"
	Fired 0 times	- Rule "NI_Remote_Get_Put, dst:NODE_1, src:NODE_2"
	Fired 0 times	- Rule "NI_Remote_Get_Put, dst:NODE_2, src:NODE_2"
	Fired 0 times	- Rule "NI_Remote_Get_Nak, dst:NODE_1, src:NODE_1"
	Fired 0 times	- Rule "NI_Remote_Get_Nak, dst:NODE_2, src:NODE_1"
	Fired 0 times	- Rule "NI_Remote_Get_Nak, dst:NODE_1, src:NODE_2"
	Fired 0 times	- Rule "NI_Remote_Get_Nak, dst:NODE_2, src:NODE_2"
	Fired 0 times	- Rule "NI_Local_Get_Put, src:NODE_1"
	Fired 0 times	- Rule "NI_Local_Get_Put, src:NODE_2"
	Fired 0 times	- Rule "NI_Local_Get_Get, src:NODE_1"
	Fired 0 times	- Rule "NI_Local_Get_Get, src:NODE_2"
	Fired 0 times	- Rule "NI_Local_Get_Nak, src:NODE_1"
	Fired 0 times	- Rule "NI_Local_Get_Nak, src:NODE_2"
	Fired 0 times	- Rule "NI_Nak_Clear"
	Fired 0 times	- Rule "NI_Nak, dst:NODE_1"
	Fired 0 times	- Rule "NI_Nak, dst:NODE_2"
	Fired 576 times	- Rule "PI_Local_Replace"
	Fired 0 times	- Rule "PI_Remote_Replace, src:NODE_1"
	Fired 0 times	- Rule "PI_Remote_Replace, src:NODE_2"
	Fired 750 times	- Rule "PI_Local_PutX"
	Fired 0 times	- Rule "PI_Remote_PutX, dst:NODE_1"
	Fired 0 times	- Rule "PI_Remote_PutX, dst:NODE_2"
	Fired 1056 times	- Rule "PI_Local_GetX_PutX"
	Fired 120 times	- Rule "PI_Local_GetX_GetX"
	Fired 1335 times	- Rule "PI_Remote_GetX, src:NODE_1"
	Fired 445 times	- Rule "PI_Remote_GetX, src:NODE_2"
	Fired 480 times	- Rule "PI_Local_Get_Put"
	Fired 120 times	- Rule "PI_Local_Get_Get"
	Fired 1335 times	- Rule "PI_Remote_Get, src:NODE_1"
	Fired 445 times	- Rule "PI_Remote_Get, src:NODE_2"
	Fired 0 times	- Rule "Store, data:DATA_1, src:NODE_1"
	Fired 0 times	- Rule "Store, data:DATA_2, src:NODE_1"
	Fired 0 times	- Rule "Store, data:DATA_1, src:NODE_2"
	Fired 0 times	- Rule "Store, data:DATA_2, src:NODE_2"
